<?xml version="1.0" encoding="UTF-8"?>
<testsuite name="htwberlin.webtech.WebtechprojektApplicationTests" tests="1" skipped="0" failures="0" errors="0" timestamp="2024-05-12T10:34:59" hostname="AYHAN-COMPUTER" time="0.549">
  <properties/>
  <testcase name="contextLoads()" classname="htwberlin.webtech.WebtechprojektApplicationTests" time="0.549"/>
  <system-out><![CDATA[12:34:58.162 [Test worker] INFO org.springframework.test.context.support.AnnotationConfigContextLoaderUtils -- Could not detect default configuration classes for test class [htwberlin.webtech.WebtechprojektApplicationTests]: WebtechprojektApplicationTests does not declare any static, non-private, non-final, nested classes annotated with @Configuration.
12:34:58.228 [Test worker] INFO org.springframework.boot.test.context.SpringBootTestContextBootstrapper -- Found @SpringBootConfiguration htwberlin.webtech.WebtechprojektApplication for test class htwberlin.webtech.WebtechprojektApplicationTests

  .   ____          _            __ _ _
 /\\ / ___'_ __ _ _(_)_ __  __ _ \ \ \ \
( ( )\___ | '_ | '_| | '_ \/ _` | \ \ \ \
 \\/  ___)| |_)| | | | | || (_| |  ) ) ) )
  '  |____| .__|_| |_|_| |_\__, | / / / /
 =========|_|==============|___/=/_/_/_/
 :: Spring Boot ::                (v3.2.5)

2024-05-12T12:34:58.489+02:00  INFO 17940 --- [webtechprojekt] [    Test worker] h.w.WebtechprojektApplicationTests       : Starting WebtechprojektApplicationTests using Java 21.0.1 with PID 17940 (started by ayfed in C:\Users\ayfed\IdeaProjects\webtechWebsite)
2024-05-12T12:34:58.490+02:00  INFO 17940 --- [webtechprojekt] [    Test worker] h.w.WebtechprojektApplicationTests       : No active profile set, falling back to 1 default profile: "default"
2024-05-12T12:34:59.223+02:00  INFO 17940 --- [webtechprojekt] [    Test worker] h.w.WebtechprojektApplicationTests       : Started WebtechprojektApplicationTests in 0.886 seconds (process running for 1.688)
]]></system-out>
  <system-err><![CDATA[WARNING: A Java agent has been loaded dynamically (C:\Users\ayfed\.gradle\caches\modules-2\files-2.1\net.bytebuddy\byte-buddy-agent\1.14.13\979ce25f7d3096a2e82214ba7dc972a05ce7a171\byte-buddy-agent-1.14.13.jar)
WARNING: If a serviceability tool is in use, please run with -XX:+EnableDynamicAgentLoading to hide this warning
WARNING: If a serviceability tool is not in use, please run with -Djdk.instrument.traceUsage for more information
WARNING: Dynamic loading of agents will be disallowed by default in a future release
]]></system-err>
</testsuite>
